<?xml version="1.0" encoding="UTF-8"?>
<!-- Generated by org.testng.reporters.JUnitXMLReporter -->
<testsuite ignored="2" hostname="StayawayScreen1" failures="0" tests="1" name="Test" time="0.074" errors="0" timestamp="2021-12-05T19:01:04 EST">
  <testcase classname="Test.Priority" name="login" time="0.011"/>
  <testcase classname="Test.Priority" name="password" time="0.0">
    <ignored/>
  </testcase> <!-- password -->
  <testcase classname="Test.Priority" name="Image" time="0.0">
    <ignored/>
  </testcase> <!-- Image -->
</testsuite> <!-- Test -->
