<?xml version="1.0" encoding="UTF-8"?>
<testng-results ignored="2" total="3" passed="1" failed="0" skipped="0">
  <reporter-output>
  </reporter-output>
  <suite started-at="2021-12-05T19:01:04 EST" name="Suite" finished-at="2021-12-05T19:01:04 EST" duration-ms="74">
    <groups>
      <group name="smoke">
        <method signature="Priority.login()[pri:0, instance:Test.Priority@56de5251]" name="login" class="Test.Priority"/>
      </group> <!-- smoke -->
    </groups>
    <test started-at="2021-12-05T19:01:04 EST" name="Test" finished-at="2021-12-05T19:01:04 EST" duration-ms="74">
      <class name="Test.Priority">
        <test-method signature="login()[pri:0, instance:Test.Priority@56de5251]" started-at="2021-12-05T19:01:04 EST" name="login" finished-at="2021-12-05T19:01:04 EST" duration-ms="11" status="PASS">
          <reporter-output>
          </reporter-output>
        </test-method> <!-- login -->
      </class> <!-- Test.Priority -->
    </test> <!-- Test -->
  </suite> <!-- Suite -->
</testng-results>
